<?xml version="1.0" encoding="UTF-8"?>
<!-- Generated by org.testng.reporters.JUnitReportReporter -->
<testsuite name="com.experitest.auto.AndroidDemoTest" tests="1" time="42.779" ignored="0" failures="0" timestamp="20 Sep 2020 10:45:17 GMT" skipped="0" hostname="Tasnim_39309" errors="0">
  <testcase name="excelVaue" time="42.779" classname="com.experitest.auto.AndroidDemoTest"/>
</testsuite> <!-- com.experitest.auto.AndroidDemoTest -->
